<?xml version="1.0" encoding="UTF-8"?>
<!-- Generated by org.testng.reporters.JUnitXMLReporter -->
<testsuite hostname="EPINHYDW1422" ignored="0" name="SearchTest" tests="1" failures="0" timestamp="18 Nov 2019 04:29:09 GMT" time="0.167" errors="0">
  <testcase name="@BeforeTest setUp" time="0.0" classname="testingframeworks.amazon.testcases.SearchTest">
    <failure type="java.lang.NullPointerException" message="key can&amp;apos;t be null">
      <![CDATA[java.lang.NullPointerException: key can't be null
	at java.lang.System.checkKey(Unknown Source)
	at java.lang.System.setProperty(Unknown Source)
	at testingframeworks.amazon.utilities.DriverFactory.initDriver(DriverFactory.java:43)
	at testingframeworks.amazon.utilities.DriverFactory.getDriver(DriverFactory.java:22)
	at testingframeworks.amazon.testcases.SearchTest.setUp(SearchTest.java:36)
	at java.util.concurrent.FutureTask.run(Unknown Source)
	at java.util.concurrent.ThreadPoolExecutor.runWorker(Unknown Source)
	at java.util.concurrent.ThreadPoolExecutor$Worker.run(Unknown Source)
	at java.lang.Thread.run(Unknown Source)
... Removed 14 stack frames]]>
    </failure>
  </testcase> <!-- @BeforeTest setUp -->
  <testcase name="@BeforeTest setUp" time="0.0" classname="testingframeworks.amazon.testcases.TodaysDealTest">
    <failure type="java.lang.NullPointerException" message="key can&amp;apos;t be null">
      <![CDATA[java.lang.NullPointerException: key can't be null
	at java.lang.System.checkKey(Unknown Source)
	at java.lang.System.setProperty(Unknown Source)
	at testingframeworks.amazon.utilities.DriverFactory.initDriver(DriverFactory.java:43)
	at testingframeworks.amazon.utilities.DriverFactory.getDriver(DriverFactory.java:22)
	at testingframeworks.amazon.testcases.TodaysDealTest.setUp(TodaysDealTest.java:36)
	at java.util.concurrent.FutureTask.run(Unknown Source)
	at java.util.concurrent.ThreadPoolExecutor.runWorker(Unknown Source)
	at java.util.concurrent.ThreadPoolExecutor$Worker.run(Unknown Source)
	at java.lang.Thread.run(Unknown Source)
... Removed 14 stack frames]]>
    </failure>
  </testcase> <!-- @BeforeTest setUp -->
  <testcase name="@AfterTest closeDriver" time="0.0" classname="testingframeworks.amazon.testcases.SearchTest">
    <skipped/>
  </testcase> <!-- @AfterTest closeDriver -->
  <testcase name="@AfterTest closeDriver" time="0.0" classname="testingframeworks.amazon.testcases.TodaysDealTest">
    <skipped/>
  </testcase> <!-- @AfterTest closeDriver -->
  <testcase name="searchForAProduct" time="0.029" classname="testingframeworks.amazon.testcases.SearchTest">
    <skipped/>
  </testcase> <!-- searchForAProduct -->
</testsuite> <!-- SearchTest -->
