<?xml version="1.0" encoding="UTF-8"?>
<!-- Generated by org.testng.reporters.JUnitXMLReporter -->
<testsuite hostname="EPINHYDW1422" ignored="0" name="CheckIfUserIsPrime" tests="1" failures="1" timestamp="18 Nov 2019 06:02:12 GMT" time="46.907" errors="0">
  <testcase name="checkIsUserPrime" time="25.084" classname="testingframeworks.amazon.testcases.CheckIfUserIsPrime">
    <failure type="java.lang.AssertionError" message="expected [true] but found [false]">
      <![CDATA[java.lang.AssertionError: expected [true] but found [false]
	at testingframeworks.amazon.utilities.CustomAssertion.assertTrue(CustomAssertion.java:29)
	at testingframeworks.amazon.testcases.CheckIfUserIsPrime.checkIsUserPrime(CheckIfUserIsPrime.java:61)
	at java.util.concurrent.FutureTask.run(Unknown Source)
	at java.util.concurrent.ThreadPoolExecutor.runWorker(Unknown Source)
	at java.util.concurrent.ThreadPoolExecutor$Worker.run(Unknown Source)
	at java.lang.Thread.run(Unknown Source)
... Removed 20 stack frames]]>
    </failure>
  </testcase> <!-- checkIsUserPrime -->
</testsuite> <!-- CheckIfUserIsPrime -->
